Traceback (most recent call last):
  File "/home/cd96/anaconda3/envs/jbook/lib/python3.9/site-packages/jupyter_cache/executors/utils.py", line 58, in single_nb_execution
    executenb(
  File "/home/cd96/anaconda3/envs/jbook/lib/python3.9/site-packages/nbclient/client.py", line 1093, in execute
    return NotebookClient(nb=nb, resources=resources, km=km, **kwargs).execute()
  File "/home/cd96/anaconda3/envs/jbook/lib/python3.9/site-packages/nbclient/util.py", line 84, in wrapped
    return just_run(coro(*args, **kwargs))
  File "/home/cd96/anaconda3/envs/jbook/lib/python3.9/site-packages/nbclient/util.py", line 62, in just_run
    return loop.run_until_complete(coro)
  File "/home/cd96/anaconda3/envs/jbook/lib/python3.9/asyncio/base_events.py", line 642, in run_until_complete
    return future.result()
  File "/home/cd96/anaconda3/envs/jbook/lib/python3.9/site-packages/nbclient/client.py", line 559, in async_execute
    await self.async_execute_cell(
  File "/home/cd96/anaconda3/envs/jbook/lib/python3.9/site-packages/nbclient/client.py", line 854, in async_execute_cell
    self._check_raise_for_error(cell, exec_reply)
  File "/home/cd96/anaconda3/envs/jbook/lib/python3.9/site-packages/nbclient/client.py", line 756, in _check_raise_for_error
    raise CellExecutionError.from_cell_and_msg(cell, exec_reply_content)
nbclient.exceptions.CellExecutionError: An error occurred while executing the following cell:
------------------
#ParÃ¡metros
a=1.0
m=0.7
tp = 1.2              #hopping paralelo
tl = tp*sqrt(1-m**2)#hopping perpendicular 

##################----------------Inicia TB----------------##################
lat= [[a,0,0],[0,a,0],[0,0,a]]
orb= [[0,0,0],[1/2,1/2,1/2]] #H, solo los sitios A[000] B1/2[111]

WSH = tb_model(3,3,lat,orb)

#DIAGONAL
WSH.set_hop(tp/2, 0, 0,[0,0,1])#de que sitio a que sitio va el hoping, [la exp que lleva ese parametro], Conjugado ya no es 
                                #necesario, estÃ¡ implÃ­cito porque es Hermitiano.
WSH.set_hop(-tp/2, 1, 1,[0,0,1])

WSH.set_onsite([-tp*m,+tp*m]) # No hay hooping, es energia

#tl*sin(k_x*a)
WSH.set_hop(tl/(2j), 0, 1,[1,0,0])   #Da el transpuesto conjudado (hermiticidad del programa)
WSH.set_hop(-tl/(2j), 0, 1,[-1,0,0]) # de 0 a 1 fuera de la diagonal
#-tl*sin(k_y*a)
WSH.set_hop(-tl/(2), 0, 1,[0,1,0])
WSH.set_hop(tl/(2), 0, 1,[0,-1,0])

###############---------Inicia extraccion de informaciÃ³n-----------##############
k=[[0,0,-0.5],[0,0,0.0],[0,0,0.5]] # Punto por los cuales que quiero que pase. Son los punto de al simetria
                                 #unidades en unidades de V de red 1=2pi/a
k_label=["-Z",r"$\Gamma$","Z"]
(k_vec,k_dist,k_node)=WSH.k_path(k,1001,report=False)
Ek,U=WSH.solve_all(k_vec,eig_vectors=True)

#######################---Graficos----######################
 
fig,ax  = plt.subplots(ncols=2,nrows=1,figsize=(18,6),
                       gridspec_kw = {'wspace':0.4, 'hspace':0, 'width_ratios': [1, 1]})
ax[0].plot(k_dist,Ek[0,:],zorder=1,lw=1.5)
ax[0].plot(k_dist,Ek[1,:],zorder=1,lw=1.5)
ax[0].set_xticks(k_node) # puntos de alta simetria, valor que correspomde en k_path
ax[0].set_xticklabels(k_label )
ax[0].set_yticks([-2,0.,2])
# xsticklabels(k_label) 

ax[0].spines['right'].set_visible(False)
ax[0].spines['top'].set_visible(False)
ax[0].set_ylabel(r"$E[t]$",fontsize=26)
ax[0].set_xlabel(r"$K_z$",fontsize=26)

k=[[0,0,-0.2],[0,0,0.0],[0,0,0.2]] # Punto por los cuales que quiero que pase. Son los punto de al simetria
                                 #unidades en unidades de V de red 1=2pi/a

(k_vec,k_dist,k_node)=WSH.k_path(k,1001,report=False)
Ek,U=WSH.solve_all(k_vec,eig_vectors=True)
ax[1].plot(k_dist,Ek[0,:],zorder=1,lw=1.5)
ax[1].plot(k_dist,Ek[1,:],zorder=1,lw=1.5)
 # puntos de alta simetria, valor que correspomde en k_path

ax[1].set_yticks([-0.1,0.,0.1])
ax[1].set_ylim([-0.1,0.1])
# xsticklabels(k_label) 

ax[1].spines['right'].set_visible(False)
ax[1].spines['top'].set_visible(False)
ax[1].set_ylabel(r"$E[t]$",fontsize=26)
ax[1].set_xlabel(r"$K_z$",fontsize=26)

savefig("WSMGrushinBulkGap.pdf",bbox_inches='tight')
------------------

[0;31m---------------------------------------------------------------------------[0m
[0;31mFileNotFoundError[0m                         Traceback (most recent call last)
[0;32m~/anaconda3/envs/jbook/lib/python3.9/site-packages/matplotlib/texmanager.py[0m in [0;36m_run_checked_subprocess[0;34m(self, command, tex, cwd)[0m
[1;32m    251[0m         [0;32mtry[0m[0;34m:[0m[0;34m[0m[0;34m[0m[0m
[0;32m--> 252[0;31m             report = subprocess.check_output(
[0m[1;32m    253[0m                 [0mcommand[0m[0;34m,[0m [0mcwd[0m[0;34m=[0m[0mcwd[0m [0;32mif[0m [0mcwd[0m [0;32mis[0m [0;32mnot[0m [0;32mNone[0m [0;32melse[0m [0mself[0m[0;34m.[0m[0mtexcache[0m[0;34m,[0m[0;34m[0m[0;34m[0m[0m

[0;32m~/anaconda3/envs/jbook/lib/python3.9/subprocess.py[0m in [0;36mcheck_output[0;34m(timeout, *popenargs, **kwargs)[0m
[1;32m    423[0m [0;34m[0m[0m
[0;32m--> 424[0;31m     return run(*popenargs, stdout=PIPE, timeout=timeout, check=True,
[0m[1;32m    425[0m                **kwargs).stdout

[0;32m~/anaconda3/envs/jbook/lib/python3.9/subprocess.py[0m in [0;36mrun[0;34m(input, capture_output, timeout, check, *popenargs, **kwargs)[0m
[1;32m    504[0m [0;34m[0m[0m
[0;32m--> 505[0;31m     [0;32mwith[0m [0mPopen[0m[0;34m([0m[0;34m*[0m[0mpopenargs[0m[0;34m,[0m [0;34m**[0m[0mkwargs[0m[0;34m)[0m [0;32mas[0m [0mprocess[0m[0;34m:[0m[0;34m[0m[0;34m[0m[0m
[0m[1;32m    506[0m         [0;32mtry[0m[0;34m:[0m[0;34m[0m[0;34m[0m[0m

[0;32m~/anaconda3/envs/jbook/lib/python3.9/subprocess.py[0m in [0;36m__init__[0;34m(self, args, bufsize, executable, stdin, stdout, stderr, preexec_fn, close_fds, shell, cwd, env, universal_newlines, startupinfo, creationflags, restore_signals, start_new_session, pass_fds, user, group, extra_groups, encoding, errors, text, umask)[0m
[1;32m    950[0m [0;34m[0m[0m
[0;32m--> 951[0;31m             self._execute_child(args, executable, preexec_fn, close_fds,
[0m[1;32m    952[0m                                 [0mpass_fds[0m[0;34m,[0m [0mcwd[0m[0;34m,[0m [0menv[0m[0;34m,[0m[0;34m[0m[0;34m[0m[0m

[0;32m~/anaconda3/envs/jbook/lib/python3.9/subprocess.py[0m in [0;36m_execute_child[0;34m(self, args, executable, preexec_fn, close_fds, pass_fds, cwd, env, startupinfo, creationflags, shell, p2cread, p2cwrite, c2pread, c2pwrite, errread, errwrite, restore_signals, gid, gids, uid, umask, start_new_session)[0m
[1;32m   1820[0m                         [0merr_msg[0m [0;34m=[0m [0mos[0m[0;34m.[0m[0mstrerror[0m[0;34m([0m[0merrno_num[0m[0;34m)[0m[0;34m[0m[0;34m[0m[0m
[0;32m-> 1821[0;31m                     [0;32mraise[0m [0mchild_exception_type[0m[0;34m([0m[0merrno_num[0m[0;34m,[0m [0merr_msg[0m[0;34m,[0m [0merr_filename[0m[0;34m)[0m[0;34m[0m[0;34m[0m[0m
[0m[1;32m   1822[0m                 [0;32mraise[0m [0mchild_exception_type[0m[0;34m([0m[0merr_msg[0m[0;34m)[0m[0;34m[0m[0;34m[0m[0m

[0;31mFileNotFoundError[0m: [Errno 2] No such file or directory: 'latex'

The above exception was the direct cause of the following exception:

[0;31mRuntimeError[0m                              Traceback (most recent call last)
[0;32m~/anaconda3/envs/jbook/lib/python3.9/site-packages/IPython/core/formatters.py[0m in [0;36m__call__[0;34m(self, obj)[0m
[1;32m    339[0m                 [0;32mpass[0m[0;34m[0m[0;34m[0m[0m
[1;32m    340[0m             [0;32melse[0m[0;34m:[0m[0;34m[0m[0;34m[0m[0m
[0;32m--> 341[0;31m                 [0;32mreturn[0m [0mprinter[0m[0;34m([0m[0mobj[0m[0;34m)[0m[0;34m[0m[0;34m[0m[0m
[0m[1;32m    342[0m             [0;31m# Finally look for special method names[0m[0;34m[0m[0;34m[0m[0m
[1;32m    343[0m             [0mmethod[0m [0;34m=[0m [0mget_real_method[0m[0;34m([0m[0mobj[0m[0;34m,[0m [0mself[0m[0;34m.[0m[0mprint_method[0m[0;34m)[0m[0;34m[0m[0;34m[0m[0m

[0;32m~/anaconda3/envs/jbook/lib/python3.9/site-packages/IPython/core/pylabtools.py[0m in [0;36mprint_figure[0;34m(fig, fmt, bbox_inches, base64, **kwargs)[0m
[1;32m    149[0m         [0mFigureCanvasBase[0m[0;34m([0m[0mfig[0m[0;34m)[0m[0;34m[0m[0;34m[0m[0m
[1;32m    150[0m [0;34m[0m[0m
[0;32m--> 151[0;31m     [0mfig[0m[0;34m.[0m[0mcanvas[0m[0;34m.[0m[0mprint_figure[0m[0;34m([0m[0mbytes_io[0m[0;34m,[0m [0;34m**[0m[0mkw[0m[0;34m)[0m[0;34m[0m[0;34m[0m[0m
[0m[1;32m    152[0m     [0mdata[0m [0;34m=[0m [0mbytes_io[0m[0;34m.[0m[0mgetvalue[0m[0;34m([0m[0;34m)[0m[0;34m[0m[0;34m[0m[0m
[1;32m    153[0m     [0;32mif[0m [0mfmt[0m [0;34m==[0m [0;34m'svg'[0m[0;34m:[0m[0;34m[0m[0;34m[0m[0m

[0;32m~/anaconda3/envs/jbook/lib/python3.9/site-packages/matplotlib/backend_bases.py[0m in [0;36mprint_figure[0;34m(self, filename, dpi, facecolor, edgecolor, orientation, format, bbox_inches, pad_inches, bbox_extra_artists, backend, **kwargs)[0m
[1;32m   2228[0m                        else suppress())
[1;32m   2229[0m                 [0;32mwith[0m [0mctx[0m[0;34m:[0m[0;34m[0m[0;34m[0m[0m
[0;32m-> 2230[0;31m                     [0mself[0m[0;34m.[0m[0mfigure[0m[0;34m.[0m[0mdraw[0m[0;34m([0m[0mrenderer[0m[0;34m)[0m[0;34m[0m[0;34m[0m[0m
[0m[1;32m   2231[0m [0;34m[0m[0m
[1;32m   2232[0m             [0;32mif[0m [0mbbox_inches[0m[0;34m:[0m[0;34m[0m[0;34m[0m[0m

[0;32m~/anaconda3/envs/jbook/lib/python3.9/site-packages/matplotlib/artist.py[0m in [0;36mdraw_wrapper[0;34m(artist, renderer, *args, **kwargs)[0m
[1;32m     72[0m     [0;34m@[0m[0mwraps[0m[0;34m([0m[0mdraw[0m[0;34m)[0m[0;34m[0m[0;34m[0m[0m
[1;32m     73[0m     [0;32mdef[0m [0mdraw_wrapper[0m[0;34m([0m[0martist[0m[0;34m,[0m [0mrenderer[0m[0;34m,[0m [0;34m*[0m[0margs[0m[0;34m,[0m [0;34m**[0m[0mkwargs[0m[0;34m)[0m[0;34m:[0m[0;34m[0m[0;34m[0m[0m
[0;32m---> 74[0;31m         [0mresult[0m [0;34m=[0m [0mdraw[0m[0;34m([0m[0martist[0m[0;34m,[0m [0mrenderer[0m[0;34m,[0m [0;34m*[0m[0margs[0m[0;34m,[0m [0;34m**[0m[0mkwargs[0m[0;34m)[0m[0;34m[0m[0;34m[0m[0m
[0m[1;32m     75[0m         [0;32mif[0m [0mrenderer[0m[0;34m.[0m[0m_rasterizing[0m[0;34m:[0m[0;34m[0m[0;34m[0m[0m
[1;32m     76[0m             [0mrenderer[0m[0;34m.[0m[0mstop_rasterizing[0m[0;34m([0m[0;34m)[0m[0;34m[0m[0;34m[0m[0m

[0;32m~/anaconda3/envs/jbook/lib/python3.9/site-packages/matplotlib/artist.py[0m in [0;36mdraw_wrapper[0;34m(artist, renderer, *args, **kwargs)[0m
[1;32m     49[0m                 [0mrenderer[0m[0;34m.[0m[0mstart_filter[0m[0;34m([0m[0;34m)[0m[0;34m[0m[0;34m[0m[0m
[1;32m     50[0m [0;34m[0m[0m
[0;32m---> 51[0;31m             [0;32mreturn[0m [0mdraw[0m[0;34m([0m[0martist[0m[0;34m,[0m [0mrenderer[0m[0;34m,[0m [0;34m*[0m[0margs[0m[0;34m,[0m [0;34m**[0m[0mkwargs[0m[0;34m)[0m[0;34m[0m[0;34m[0m[0m
[0m[1;32m     52[0m         [0;32mfinally[0m[0;34m:[0m[0;34m[0m[0;34m[0m[0m
[1;32m     53[0m             [0;32mif[0m [0martist[0m[0;34m.[0m[0mget_agg_filter[0m[0;34m([0m[0;34m)[0m [0;32mis[0m [0;32mnot[0m [0;32mNone[0m[0;34m:[0m[0;34m[0m[0;34m[0m[0m

[0;32m~/anaconda3/envs/jbook/lib/python3.9/site-packages/matplotlib/figure.py[0m in [0;36mdraw[0;34m(self, renderer)[0m
[1;32m   2788[0m [0;34m[0m[0m
[1;32m   2789[0m             [0mself[0m[0;34m.[0m[0mpatch[0m[0;34m.[0m[0mdraw[0m[0;34m([0m[0mrenderer[0m[0;34m)[0m[0;34m[0m[0;34m[0m[0m
[0;32m-> 2790[0;31m             mimage._draw_list_compositing_images(
[0m[1;32m   2791[0m                 renderer, self, artists, self.suppressComposite)
[1;32m   2792[0m [0;34m[0m[0m

[0;32m~/anaconda3/envs/jbook/lib/python3.9/site-packages/matplotlib/image.py[0m in [0;36m_draw_list_compositing_images[0;34m(renderer, parent, artists, suppress_composite)[0m
[1;32m    130[0m     [0;32mif[0m [0mnot_composite[0m [0;32mor[0m [0;32mnot[0m [0mhas_images[0m[0;34m:[0m[0;34m[0m[0;34m[0m[0m
[1;32m    131[0m         [0;32mfor[0m [0ma[0m [0;32min[0m [0martists[0m[0;34m:[0m[0;34m[0m[0;34m[0m[0m
[0;32m--> 132[0;31m             [0ma[0m[0;34m.[0m[0mdraw[0m[0;34m([0m[0mrenderer[0m[0;34m)[0m[0;34m[0m[0;34m[0m[0m
[0m[1;32m    133[0m     [0;32melse[0m[0;34m:[0m[0;34m[0m[0;34m[0m[0m
[1;32m    134[0m         [0;31m# Composite any adjacent images together[0m[0;34m[0m[0;34m[0m[0m

[0;32m~/anaconda3/envs/jbook/lib/python3.9/site-packages/matplotlib/artist.py[0m in [0;36mdraw_wrapper[0;34m(artist, renderer, *args, **kwargs)[0m
[1;32m     49[0m                 [0mrenderer[0m[0;34m.[0m[0mstart_filter[0m[0;34m([0m[0;34m)[0m[0;34m[0m[0;34m[0m[0m
[1;32m     50[0m [0;34m[0m[0m
[0;32m---> 51[0;31m             [0;32mreturn[0m [0mdraw[0m[0;34m([0m[0martist[0m[0;34m,[0m [0mrenderer[0m[0;34m,[0m [0;34m*[0m[0margs[0m[0;34m,[0m [0;34m**[0m[0mkwargs[0m[0;34m)[0m[0;34m[0m[0;34m[0m[0m
[0m[1;32m     52[0m         [0;32mfinally[0m[0;34m:[0m[0;34m[0m[0;34m[0m[0m
[1;32m     53[0m             [0;32mif[0m [0martist[0m[0;34m.[0m[0mget_agg_filter[0m[0;34m([0m[0;34m)[0m [0;32mis[0m [0;32mnot[0m [0;32mNone[0m[0;34m:[0m[0;34m[0m[0;34m[0m[0m

[0;32m~/anaconda3/envs/jbook/lib/python3.9/site-packages/matplotlib/_api/deprecation.py[0m in [0;36mwrapper[0;34m(*inner_args, **inner_kwargs)[0m
[1;32m    429[0m                          [0;32melse[0m [0mdeprecation_addendum[0m[0;34m,[0m[0;34m[0m[0;34m[0m[0m
[1;32m    430[0m                 **kwargs)
[0;32m--> 431[0;31m         [0;32mreturn[0m [0mfunc[0m[0;34m([0m[0;34m*[0m[0minner_args[0m[0;34m,[0m [0;34m**[0m[0minner_kwargs[0m[0;34m)[0m[0;34m[0m[0;34m[0m[0m
[0m[1;32m    432[0m [0;34m[0m[0m
[1;32m    433[0m     [0;32mreturn[0m [0mwrapper[0m[0;34m[0m[0;34m[0m[0m

[0;32m~/anaconda3/envs/jbook/lib/python3.9/site-packages/matplotlib/axes/_base.py[0m in [0;36mdraw[0;34m(self, renderer, inframe)[0m
[1;32m   2919[0m             [0mrenderer[0m[0;34m.[0m[0mstop_rasterizing[0m[0;34m([0m[0;34m)[0m[0;34m[0m[0;34m[0m[0m
[1;32m   2920[0m [0;34m[0m[0m
[0;32m-> 2921[0;31m         [0mmimage[0m[0;34m.[0m[0m_draw_list_compositing_images[0m[0;34m([0m[0mrenderer[0m[0;34m,[0m [0mself[0m[0;34m,[0m [0martists[0m[0;34m)[0m[0;34m[0m[0;34m[0m[0m
[0m[1;32m   2922[0m [0;34m[0m[0m
[1;32m   2923[0m         [0mrenderer[0m[0;34m.[0m[0mclose_group[0m[0;34m([0m[0;34m'axes'[0m[0;34m)[0m[0;34m[0m[0;34m[0m[0m

[0;32m~/anaconda3/envs/jbook/lib/python3.9/site-packages/matplotlib/image.py[0m in [0;36m_draw_list_compositing_images[0;34m(renderer, parent, artists, suppress_composite)[0m
[1;32m    130[0m     [0;32mif[0m [0mnot_composite[0m [0;32mor[0m [0;32mnot[0m [0mhas_images[0m[0;34m:[0m[0;34m[0m[0;34m[0m[0m
[1;32m    131[0m         [0;32mfor[0m [0ma[0m [0;32min[0m [0martists[0m[0;34m:[0m[0;34m[0m[0;34m[0m[0m
[0;32m--> 132[0;31m             [0ma[0m[0;34m.[0m[0mdraw[0m[0;34m([0m[0mrenderer[0m[0;34m)[0m[0;34m[0m[0;34m[0m[0m
[0m[1;32m    133[0m     [0;32melse[0m[0;34m:[0m[0;34m[0m[0;34m[0m[0m
[1;32m    134[0m         [0;31m# Composite any adjacent images together[0m[0;34m[0m[0;34m[0m[0m

[0;32m~/anaconda3/envs/jbook/lib/python3.9/site-packages/matplotlib/artist.py[0m in [0;36mdraw_wrapper[0;34m(artist, renderer, *args, **kwargs)[0m
[1;32m     49[0m                 [0mrenderer[0m[0;34m.[0m[0mstart_filter[0m[0;34m([0m[0;34m)[0m[0;34m[0m[0;34m[0m[0m
[1;32m     50[0m [0;34m[0m[0m
[0;32m---> 51[0;31m             [0;32mreturn[0m [0mdraw[0m[0;34m([0m[0martist[0m[0;34m,[0m [0mrenderer[0m[0;34m,[0m [0;34m*[0m[0margs[0m[0;34m,[0m [0;34m**[0m[0mkwargs[0m[0;34m)[0m[0;34m[0m[0;34m[0m[0m
[0m[1;32m     52[0m         [0;32mfinally[0m[0;34m:[0m[0;34m[0m[0;34m[0m[0m
[1;32m     53[0m             [0;32mif[0m [0martist[0m[0;34m.[0m[0mget_agg_filter[0m[0;34m([0m[0;34m)[0m [0;32mis[0m [0;32mnot[0m [0;32mNone[0m[0;34m:[0m[0;34m[0m[0;34m[0m[0m

[0;32m~/anaconda3/envs/jbook/lib/python3.9/site-packages/matplotlib/axis.py[0m in [0;36mdraw[0;34m(self, renderer, *args, **kwargs)[0m
[1;32m   1140[0m [0;34m[0m[0m
[1;32m   1141[0m         [0mticks_to_draw[0m [0;34m=[0m [0mself[0m[0;34m.[0m[0m_update_ticks[0m[0;34m([0m[0;34m)[0m[0;34m[0m[0;34m[0m[0m
[0;32m-> 1142[0;31m         ticklabelBoxes, ticklabelBoxes2 = self._get_tick_bboxes(ticks_to_draw,
[0m[1;32m   1143[0m                                                                 renderer)
[1;32m   1144[0m [0;34m[0m[0m

[0;32m~/anaconda3/envs/jbook/lib/python3.9/site-packages/matplotlib/axis.py[0m in [0;36m_get_tick_bboxes[0;34m(self, ticks, renderer)[0m
[1;32m   1066[0m     [0;32mdef[0m [0m_get_tick_bboxes[0m[0;34m([0m[0mself[0m[0;34m,[0m [0mticks[0m[0;34m,[0m [0mrenderer[0m[0;34m)[0m[0;34m:[0m[0;34m[0m[0;34m[0m[0m
[1;32m   1067[0m         [0;34m"""Return lists of bboxes for ticks' label1's and label2's."""[0m[0;34m[0m[0;34m[0m[0m
[0;32m-> 1068[0;31m         return ([tick.label1.get_window_extent(renderer)
[0m[1;32m   1069[0m                  for tick in ticks if tick.label1.get_visible()],
[1;32m   1070[0m                 [tick.label2.get_window_extent(renderer)

[0;32m~/anaconda3/envs/jbook/lib/python3.9/site-packages/matplotlib/axis.py[0m in [0;36m<listcomp>[0;34m(.0)[0m
[1;32m   1066[0m     [0;32mdef[0m [0m_get_tick_bboxes[0m[0;34m([0m[0mself[0m[0;34m,[0m [0mticks[0m[0;34m,[0m [0mrenderer[0m[0;34m)[0m[0;34m:[0m[0;34m[0m[0;34m[0m[0m
[1;32m   1067[0m         [0;34m"""Return lists of bboxes for ticks' label1's and label2's."""[0m[0;34m[0m[0;34m[0m[0m
[0;32m-> 1068[0;31m         return ([tick.label1.get_window_extent(renderer)
[0m[1;32m   1069[0m                  for tick in ticks if tick.label1.get_visible()],
[1;32m   1070[0m                 [tick.label2.get_window_extent(renderer)

[0;32m~/anaconda3/envs/jbook/lib/python3.9/site-packages/matplotlib/text.py[0m in [0;36mget_window_extent[0;34m(self, renderer, dpi)[0m
[1;32m    901[0m [0;34m[0m[0m
[1;32m    902[0m         [0;32mwith[0m [0mcbook[0m[0;34m.[0m[0m_setattr_cm[0m[0;34m([0m[0mself[0m[0;34m.[0m[0mfigure[0m[0;34m,[0m [0mdpi[0m[0;34m=[0m[0mdpi[0m[0;34m)[0m[0;34m:[0m[0;34m[0m[0;34m[0m[0m
[0;32m--> 903[0;31m             [0mbbox[0m[0;34m,[0m [0minfo[0m[0;34m,[0m [0mdescent[0m [0;34m=[0m [0mself[0m[0;34m.[0m[0m_get_layout[0m[0;34m([0m[0mself[0m[0;34m.[0m[0m_renderer[0m[0;34m)[0m[0;34m[0m[0;34m[0m[0m
[0m[1;32m    904[0m             [0mx[0m[0;34m,[0m [0my[0m [0;34m=[0m [0mself[0m[0;34m.[0m[0mget_unitless_position[0m[0;34m([0m[0;34m)[0m[0;34m[0m[0;34m[0m[0m
[1;32m    905[0m             [0mx[0m[0;34m,[0m [0my[0m [0;34m=[0m [0mself[0m[0;34m.[0m[0mget_transform[0m[0;34m([0m[0;34m)[0m[0;34m.[0m[0mtransform[0m[0;34m([0m[0;34m([0m[0mx[0m[0;34m,[0m [0my[0m[0;34m)[0m[0;34m)[0m[0;34m[0m[0;34m[0m[0m

[0;32m~/anaconda3/envs/jbook/lib/python3.9/site-packages/matplotlib/text.py[0m in [0;36m_get_layout[0;34m(self, renderer)[0m
[1;32m    304[0m [0;34m[0m[0m
[1;32m    305[0m         [0;31m# Full vertical extent of font, including ascenders and descenders:[0m[0;34m[0m[0;34m[0m[0m
[0;32m--> 306[0;31m         _, lp_h, lp_d = renderer.get_text_width_height_descent(
[0m[1;32m    307[0m             [0;34m"lp"[0m[0;34m,[0m [0mself[0m[0;34m.[0m[0m_fontproperties[0m[0;34m,[0m[0;34m[0m[0;34m[0m[0m
[1;32m    308[0m             ismath="TeX" if self.get_usetex() else False)

[0;32m~/anaconda3/envs/jbook/lib/python3.9/site-packages/matplotlib/backends/backend_agg.py[0m in [0;36mget_text_width_height_descent[0;34m(self, s, prop, ismath)[0m
[1;32m    227[0m             [0mtexmanager[0m [0;34m=[0m [0mself[0m[0;34m.[0m[0mget_texmanager[0m[0;34m([0m[0;34m)[0m[0;34m[0m[0;34m[0m[0m
[1;32m    228[0m             [0mfontsize[0m [0;34m=[0m [0mprop[0m[0;34m.[0m[0mget_size_in_points[0m[0;34m([0m[0;34m)[0m[0;34m[0m[0;34m[0m[0m
[0;32m--> 229[0;31m             w, h, d = texmanager.get_text_width_height_descent(
[0m[1;32m    230[0m                 s, fontsize, renderer=self)
[1;32m    231[0m             [0;32mreturn[0m [0mw[0m[0;34m,[0m [0mh[0m[0;34m,[0m [0md[0m[0;34m[0m[0;34m[0m[0m

[0;32m~/anaconda3/envs/jbook/lib/python3.9/site-packages/matplotlib/texmanager.py[0m in [0;36mget_text_width_height_descent[0;34m(self, tex, fontsize, renderer)[0m
[1;32m    397[0m         [0;32melse[0m[0;34m:[0m[0;34m[0m[0;34m[0m[0m
[1;32m    398[0m             [0;31m# use dviread.[0m[0;34m[0m[0;34m[0m[0m
[0;32m--> 399[0;31m             [0mdvifile[0m [0;34m=[0m [0mself[0m[0;34m.[0m[0mmake_dvi[0m[0;34m([0m[0mtex[0m[0;34m,[0m [0mfontsize[0m[0;34m)[0m[0;34m[0m[0;34m[0m[0m
[0m[1;32m    400[0m             [0;32mwith[0m [0mdviread[0m[0;34m.[0m[0mDvi[0m[0;34m([0m[0mdvifile[0m[0;34m,[0m [0;36m72[0m [0;34m*[0m [0mdpi_fraction[0m[0;34m)[0m [0;32mas[0m [0mdvi[0m[0;34m:[0m[0;34m[0m[0;34m[0m[0m
[1;32m    401[0m                 [0mpage[0m[0;34m,[0m [0;34m=[0m [0mdvi[0m[0;34m[0m[0;34m[0m[0m

[0;32m~/anaconda3/envs/jbook/lib/python3.9/site-packages/matplotlib/texmanager.py[0m in [0;36mmake_dvi[0;34m(self, tex, fontsize)[0m
[1;32m    289[0m             [0;31m# and thus replace() works atomically.[0m[0;34m[0m[0;34m[0m[0m
[1;32m    290[0m             [0;32mwith[0m [0mTemporaryDirectory[0m[0;34m([0m[0mdir[0m[0;34m=[0m[0mPath[0m[0;34m([0m[0mdvifile[0m[0;34m)[0m[0;34m.[0m[0mparent[0m[0;34m)[0m [0;32mas[0m [0mtmpdir[0m[0;34m:[0m[0;34m[0m[0;34m[0m[0m
[0;32m--> 291[0;31m                 self._run_checked_subprocess(
[0m[1;32m    292[0m                     ["latex", "-interaction=nonstopmode", "--halt-on-error",
[1;32m    293[0m                      texfile], tex, cwd=tmpdir)

[0;32m~/anaconda3/envs/jbook/lib/python3.9/site-packages/matplotlib/texmanager.py[0m in [0;36m_run_checked_subprocess[0;34m(self, command, tex, cwd)[0m
[1;32m    254[0m                 stderr=subprocess.STDOUT)
[1;32m    255[0m         [0;32mexcept[0m [0mFileNotFoundError[0m [0;32mas[0m [0mexc[0m[0;34m:[0m[0;34m[0m[0;34m[0m[0m
[0;32m--> 256[0;31m             raise RuntimeError(
[0m[1;32m    257[0m                 [0;34m'Failed to process string with tex because {} could not be '[0m[0;34m[0m[0;34m[0m[0m
[1;32m    258[0m                 'found'.format(command[0])) from exc

[0;31mRuntimeError[0m: Failed to process string with tex because latex could not be found
RuntimeError: Failed to process string with tex because latex could not be found

